#! c:/iverilog-x86/bin/vvp
:ivl_version "10.0 (stable)" "(v10_0)";
:ivl_delay_selection "TYPICAL";
:vpi_time_precision + 0;
:vpi_module "system";
:vpi_module "vhdl_sys";
:vpi_module "v2005_math";
:vpi_module "va_math";
S_007d5900 .scope module, "paperProcessor_TB" "paperProcessor_TB" 2 1;
 .timescale 0 0;
v008386c8_0 .var "clk", 0 0;
v00838778_0 .var "clk_en", 0 0;
o007fe68c .functor BUFZ 2, C4<zz>; HiZ drive
v00836ca8_0 .net "instruction", 1 0, o007fe68c;  0 drivers
v00836ba0_0 .net "programCount", 1 0, L_00837280;  1 drivers
v00836d58_0 .net "registerCount", 2 0, L_00837070;  1 drivers
v00836a40_0 .var "reset", 0 0;
v00836eb8_0 .net "stateCount", 1 0, L_00837018;  1 drivers
S_007d59d0 .scope module, "test" "paperProcessor" 2 10, 3 1 0, S_007d5900;
 .timescale 0 0;
    .port_info 0 /INPUT 1 "clk"
    .port_info 1 /INPUT 1 "clk_en"
    .port_info 2 /INPUT 1 "reset"
    .port_info 3 /OUTPUT 3 "registerCount"
    .port_info 4 /OUTPUT 2 "programCount"
    .port_info 5 /OUTPUT 2 "stateCount"
    .port_info 6 /OUTPUT 2 "instruction"
v00838568_0 .net "address", 1 0, L_00836c50;  1 drivers
v00838358_0 .net "c0", 0 0, v007f67d8_0;  1 drivers
v00838720_0 .net "c1", 0 0, v007f6830_0;  1 drivers
v008385c0_0 .net "clk", 0 0, v008386c8_0;  1 drivers
v008381a0_0 .net "clk_en", 0 0, v00838778_0;  1 drivers
L_0083b918 .functor BUFT 1, C4<zz>, C4<0>, C4<0>, C4<0>;
RS_007fe53c .resolv tri, L_008647b0, L_0083b918;
v008383b0_0 .net8 "data", 1 0, RS_007fe53c;  2 drivers
v00838618_0 .net "halt", 0 0, L_007f8630;  1 drivers
o007fcd54 .functor BUFZ 1, C4<z>; HiZ drive
v00838828_0 .net "i0", 0 0, o007fcd54;  0 drivers
o007fcd6c .functor BUFZ 1, C4<z>; HiZ drive
v00838040_0 .net "i1", 0 0, o007fcd6c;  0 drivers
v00837ee0_0 .net "inc", 0 0, L_007f8240;  1 drivers
o007fe584 .functor BUFZ 2, C4<zz>; HiZ drive
v00837f38_0 .net "instruction", 1 0, o007fe584;  0 drivers
v00838148_0 .net "jnp", 0 0, L_007f8318;  1 drivers
v008381f8_0 .net "p0", 0 0, L_0083ace0;  1 drivers
v00838250_0 .net "p1", 0 0, L_0083abc0;  1 drivers
v008384b8_0 .net "programCount", 1 0, L_00837280;  alias, 1 drivers
v00837fe8_0 .net "r0", 0 0, v00831598_0;  1 drivers
v00837f90_0 .net "r1", 0 0, v00837d28_0;  1 drivers
v008382a8_0 .net "r2", 0 0, v008377a8_0;  1 drivers
v00838408_0 .net "registerCount", 2 0, L_00837070;  alias, 1 drivers
v00838670_0 .net "reset", 0 0, v00836a40_0;  1 drivers
v00838460_0 .net "start", 0 0, L_007f84c8;  1 drivers
v00838300_0 .net "stateCount", 1 0, L_00837018;  alias, 1 drivers
L_00836c50 .concat [ 1 1 0 0], L_0083ace0, L_0083abc0;
L_00837070 .concat [ 1 1 1 0], v00831598_0, v00837d28_0, v008377a8_0;
L_00837280 .concat [ 1 1 0 0], L_0083ace0, L_0083abc0;
L_00837018 .concat [ 1 1 0 0], v007f67d8_0, v007f6830_0;
S_007d7e48 .scope module, "alu" "processorCore" 3 24, 4 1 0, S_007d59d0;
 .timescale 0 0;
    .port_info 0 /INPUT 1 "clk"
    .port_info 1 /INPUT 1 "clk_en"
    .port_info 2 /INPUT 1 "reset"
    .port_info 3 /INPUT 1 "i1"
    .port_info 4 /INPUT 1 "i0"
    .port_info 5 /OUTPUT 1 "c1"
    .port_info 6 /OUTPUT 1 "c0"
L_007f85e8 .functor NOT 1, v007f67d8_0, C4<0>, C4<0>, C4<0>;
L_007f8120 .functor AND 1, v007f6830_0, L_007f85e8, C4<1>, C4<1>;
L_007f80d8 .functor NOT 1, v007f67d8_0, C4<0>, C4<0>, C4<0>;
L_007f8708 .functor NOT 1, o007fcd54, C4<0>, C4<0>, C4<0>;
L_007f81b0 .functor AND 1, L_007f80d8, L_007f8708, C4<1>, C4<1>;
L_007f8750 .functor OR 1, L_007f8120, L_007f81b0, C4<0>, C4<0>;
L_007f8438 .functor NOT 1, v007f6830_0, C4<0>, C4<0>, C4<0>;
L_007f82d0 .functor NOT 1, v007f67d8_0, C4<0>, C4<0>, C4<0>;
L_007f8798 .functor AND 1, L_007f8438, L_007f82d0, C4<1>, C4<1>;
L_007f8090 .functor NOT 1, o007fcd6c, C4<0>, C4<0>, C4<0>;
L_007f81f8 .functor AND 1, L_007f8798, L_007f8090, C4<1>, C4<1>;
v007f6af0_0 .net *"_s0", 0 0, L_007f85e8;  1 drivers
v007f6f10_0 .net *"_s12", 0 0, L_007f8438;  1 drivers
v007f6f68_0 .net *"_s14", 0 0, L_007f82d0;  1 drivers
v007f6b48_0 .net *"_s16", 0 0, L_007f8798;  1 drivers
v007f6db0_0 .net *"_s18", 0 0, L_007f8090;  1 drivers
v007f7388_0 .net *"_s2", 0 0, L_007f8120;  1 drivers
v007f73e0_0 .net *"_s4", 0 0, L_007f80d8;  1 drivers
v007f7438_0 .net *"_s6", 0 0, L_007f8708;  1 drivers
v007f7490_0 .net *"_s8", 0 0, L_007f81b0;  1 drivers
v007f7280_0 .net "c0", 0 0, v007f67d8_0;  alias, 1 drivers
v007f71d0_0 .net "c0_", 0 0, v007f7120_0;  1 drivers
v007f7228_0 .net "c1", 0 0, v007f6830_0;  alias, 1 drivers
v007f74e8_0 .net "c1_", 0 0, v007f70c8_0;  1 drivers
v007f7540_0 .net "clk", 0 0, v008386c8_0;  alias, 1 drivers
v007f7598_0 .net "clk_en", 0 0, v00838778_0;  alias, 1 drivers
v007f75f0_0 .net "d0", 0 0, L_007f81f8;  1 drivers
v007f7648_0 .net "d1", 0 0, L_007f8750;  1 drivers
v007f72d8_0 .net "i0", 0 0, o007fcd54;  alias, 0 drivers
v007f7330_0 .net "i1", 0 0, o007fcd6c;  alias, 0 drivers
v007d0860_0 .net "reset", 0 0, v00836a40_0;  alias, 1 drivers
S_007d7f18 .scope module, "ff0" "ff" 4 16, 5 1 0, S_007d7e48;
 .timescale 0 0;
    .port_info 0 /INPUT 1 "clk"
    .port_info 1 /INPUT 1 "clk_en"
    .port_info 2 /INPUT 1 "rst_n"
    .port_info 3 /INPUT 1 "d3"
    .port_info 4 /OUTPUT 1 "q"
    .port_info 5 /OUTPUT 1 "q_"
v007f6ba0_0 .net "clk", 0 0, v008386c8_0;  alias, 1 drivers
v007f6fc0_0 .net "clk_en", 0 0, v00838778_0;  alias, 1 drivers
v007f69e8_0 .net "d3", 0 0, L_007f81f8;  alias, 1 drivers
v007f67d8_0 .var "q", 0 0;
v007f7120_0 .var "q_", 0 0;
v007f6728_0 .net "rst_n", 0 0, v00836a40_0;  alias, 1 drivers
E_007f76d8/0 .event negedge, v007f6ba0_0;
E_007f76d8/1 .event posedge, v007f6ba0_0;
E_007f76d8 .event/or E_007f76d8/0, E_007f76d8/1;
S_0091d3c0 .scope module, "ff1" "ff" 4 24, 5 1 0, S_007d7e48;
 .timescale 0 0;
    .port_info 0 /INPUT 1 "clk"
    .port_info 1 /INPUT 1 "clk_en"
    .port_info 2 /INPUT 1 "rst_n"
    .port_info 3 /INPUT 1 "d3"
    .port_info 4 /OUTPUT 1 "q"
    .port_info 5 /OUTPUT 1 "q_"
v007f7070_0 .net "clk", 0 0, v008386c8_0;  alias, 1 drivers
v007f6a98_0 .net "clk_en", 0 0, v00838778_0;  alias, 1 drivers
v007f6780_0 .net "d3", 0 0, L_007f8750;  alias, 1 drivers
v007f6830_0 .var "q", 0 0;
v007f70c8_0 .var "q_", 0 0;
v007f68e0_0 .net "rst_n", 0 0, v00836a40_0;  alias, 1 drivers
S_0091d490 .scope module, "decoder" "demux" 3 33, 6 1 0, S_007d59d0;
 .timescale 0 0;
    .port_info 0 /INPUT 1 "c1"
    .port_info 1 /INPUT 1 "c0"
    .port_info 2 /OUTPUT 1 "inc"
    .port_info 3 /OUTPUT 1 "jnp"
    .port_info 4 /OUTPUT 1 "halt"
    .port_info 5 /OUTPUT 1 "start"
L_007f8480 .functor NOT 1, v007f6830_0, C4<0>, C4<0>, C4<0>;
L_007f7ee0 .functor NOT 1, v007f67d8_0, C4<0>, C4<0>, C4<0>;
L_007f84c8 .functor AND 1, L_007f8480, L_007f7ee0, C4<1>, C4<1>;
L_007f8288 .functor NOT 1, v007f6830_0, C4<0>, C4<0>, C4<0>;
L_007f8240 .functor AND 1, L_007f8288, v007f67d8_0, C4<1>, C4<1>;
L_007f8510 .functor NOT 1, v007f67d8_0, C4<0>, C4<0>, C4<0>;
L_007f8630 .functor AND 1, v007f6830_0, L_007f8510, C4<1>, C4<1>;
L_007f8318 .functor AND 1, v007f6830_0, v007f67d8_0, C4<1>, C4<1>;
v007d0b20_0 .net *"_s0", 0 0, L_007f8480;  1 drivers
v007cff18_0 .net *"_s10", 0 0, L_007f8510;  1 drivers
v007d0338_0 .net *"_s2", 0 0, L_007f7ee0;  1 drivers
v007d0650_0 .net *"_s6", 0 0, L_007f8288;  1 drivers
v007d0078_0 .net "c0", 0 0, v007f67d8_0;  alias, 1 drivers
v007cfd60_0 .net "c1", 0 0, v007f6830_0;  alias, 1 drivers
v007d0390_0 .net "halt", 0 0, L_007f8630;  alias, 1 drivers
v007d9a28_0 .net "inc", 0 0, L_007f8240;  alias, 1 drivers
v007d9d40_0 .net "jnp", 0 0, L_007f8318;  alias, 1 drivers
v0082d710_0 .net "start", 0 0, L_007f84c8;  alias, 1 drivers
S_00913160 .scope module, "pCounter" "programCounter" 3 49, 7 1 0, S_007d59d0;
 .timescale 0 0;
    .port_info 0 /INPUT 1 "jnp"
    .port_info 1 /INPUT 1 "inc"
    .port_info 2 /INPUT 1 "r2"
    .port_info 3 /INPUT 1 "i1"
    .port_info 4 /INPUT 1 "i0"
    .port_info 5 /OUTPUT 1 "p1"
    .port_info 6 /OUTPUT 1 "p0"
    .port_info 7 /INPUT 1 "clk"
    .port_info 8 /INPUT 1 "rst_n"
    .port_info 9 /NODIR 0 ""
L_007f88b8 .functor NOT 1, v008377a8_0, C4<0>, C4<0>, C4<0>;
L_007f8ab0 .functor AND 1, L_007f88b8, L_007f8318, C4<1>, C4<1>;
L_007f8ca8 .functor OR 1, L_007f8240, L_007f8ab0, C4<0>, C4<0>;
L_007f8e10 .functor BUFZ 1, L_007f8318, C4<0>, C4<0>, C4<0>;
L_007f8b40 .functor OR 1, L_007f8ca8, L_007f8e10, C4<0>, C4<0>;
v00831178_0 .net "Q_to_Adder_LSB", 0 0, v0082e5d8_0;  1 drivers
v00830780_0 .net "Q_to_Adder_MSB", 0 0, v0082e318_0;  1 drivers
v00830af0_0 .net *"_s0", 0 0, L_007f88b8;  1 drivers
v00830a98_0 .net "a0", 0 0, L_007f8e10;  1 drivers
v008311d0_0 .net "a1", 0 0, L_007f8ca8;  1 drivers
v00830ba0_0 .net "allowJump", 0 0, L_007f8ab0;  1 drivers
v00830bf8_0 .net "clk", 0 0, v008386c8_0;  alias, 1 drivers
v00830db0_0 .net "clk_en", 0 0, L_007f8b40;  1 drivers
v00830d00_0 .net "i0", 0 0, o007fcd54;  alias, 0 drivers
v00831120_0 .net "i1", 0 0, o007fcd6c;  alias, 0 drivers
v00830c50_0 .net "inc", 0 0, L_007f8240;  alias, 1 drivers
v00830e08_0 .net "jnp", 0 0, L_007f8318;  alias, 1 drivers
v008307d8_0 .net "mux_to_ff_LSB", 0 0, L_0083af20;  1 drivers
v00830f10_0 .net "mux_to_ff_MSB", 0 0, L_007f8d80;  1 drivers
v00830f68_0 .net "p0", 0 0, L_0083ace0;  alias, 1 drivers
v00830fc0_0 .net "p1", 0 0, L_0083abc0;  alias, 1 drivers
v00831018_0 .net "plusOne_to_encode_LSB", 0 0, L_00863d90;  1 drivers
v00831388_0 .net "plusOne_to_encode_MSB", 0 0, L_00863be0;  1 drivers
v008313e0_0 .net "plusTwo_to_encode_LSB", 0 0, L_00864570;  1 drivers
v008314e8_0 .net "plusTwo_to_encode_MSB", 0 0, L_00864768;  1 drivers
v00831228_0 .net "r2", 0 0, v008377a8_0;  alias, 1 drivers
v008312d8_0 .net "rst_n", 0 0, v00836a40_0;  alias, 1 drivers
S_00913230 .scope module, "M" "adder" 7 34, 8 1 0, S_00913160;
 .timescale 0 0;
    .port_info 0 /INPUT 1 "a1"
    .port_info 1 /INPUT 1 "a0"
    .port_info 2 /INPUT 1 "b1"
    .port_info 3 /INPUT 1 "b0"
    .port_info 4 /OUTPUT 1 "c1"
    .port_info 5 /OUTPUT 1 "c0"
L_0083b040 .functor NOT 1, v0082e318_0, C4<0>, C4<0>, C4<0>;
L_0083b088 .functor NOT 1, v0082e5d8_0, C4<0>, C4<0>, C4<0>;
L_0083b0d0 .functor AND 1, L_0083b040, L_0083b088, C4<1>, C4<1>;
L_0083b828 .functor BUFT 1, C4<0>, C4<0>, C4<0>, C4<0>;
L_0083af68 .functor AND 1, L_0083b0d0, L_0083b828, C4<1>, C4<1>;
L_0083b118 .functor NOT 1, v0082e318_0, C4<0>, C4<0>, C4<0>;
L_0083b160 .functor AND 1, L_0083b118, L_0083b828, C4<1>, C4<1>;
L_0083b1a8 .functor NOT 1, L_007f8ab0, C4<0>, C4<0>, C4<0>;
L_0083b1f0 .functor AND 1, L_0083b160, L_0083b1a8, C4<1>, C4<1>;
L_0083ad28 .functor OR 1, L_0083af68, L_0083b1f0, C4<0>, C4<0>;
L_0083b310 .functor NOT 1, v0082e5d8_0, C4<0>, C4<0>, C4<0>;
L_0083b238 .functor AND 1, v0082e318_0, L_0083b310, C4<1>, C4<1>;
L_0083b280 .functor NOT 1, L_0083b828, C4<0>, C4<0>, C4<0>;
L_0083ae48 .functor AND 1, L_0083b238, L_0083b280, C4<1>, C4<1>;
L_0083b2c8 .functor OR 1, L_0083ad28, L_0083ae48, C4<0>, C4<0>;
L_0083b3a0 .functor NOT 1, L_0083b828, C4<0>, C4<0>, C4<0>;
L_0083adb8 .functor AND 1, v0082e318_0, L_0083b3a0, C4<1>, C4<1>;
L_0083ad70 .functor NOT 1, L_007f8ab0, C4<0>, C4<0>, C4<0>;
L_0083ae90 .functor AND 1, L_0083adb8, L_0083ad70, C4<1>, C4<1>;
L_0083aed8 .functor OR 1, L_0083b2c8, L_0083ae90, C4<0>, C4<0>;
L_0083ab78 .functor NOT 1, v0082e318_0, C4<0>, C4<0>, C4<0>;
L_0083a620 .functor AND 1, L_0083ab78, v0082e5d8_0, C4<1>, C4<1>;
L_0083a6b0 .functor NOT 1, L_0083b828, C4<0>, C4<0>, C4<0>;
L_0083ab30 .functor AND 1, L_0083a620, L_0083a6b0, C4<1>, C4<1>;
L_0083a740 .functor AND 1, L_0083ab30, L_007f8ab0, C4<1>, C4<1>;
L_0083abc0 .functor OR 1, L_0083aed8, L_0083a740, C4<0>, C4<0>;
L_0083a788 .functor NOT 1, v0082e5d8_0, C4<0>, C4<0>, C4<0>;
L_0083a8a8 .functor AND 1, L_0083a788, L_007f8ab0, C4<1>, C4<1>;
L_0083a860 .functor NOT 1, L_007f8ab0, C4<0>, C4<0>, C4<0>;
L_0083a590 .functor AND 1, v0082e5d8_0, L_0083a860, C4<1>, C4<1>;
L_0083ace0 .functor OR 1, L_0083a8a8, L_0083a590, C4<0>, C4<0>;
v0082e0b0_0 .net *"_s0", 0 0, L_0083b040;  1 drivers
v0082dc38_0 .net *"_s10", 0 0, L_0083b160;  1 drivers
v0082e1b8_0 .net *"_s12", 0 0, L_0083b1a8;  1 drivers
v0082d818_0 .net *"_s14", 0 0, L_0083b1f0;  1 drivers
v0082dce8_0 .net *"_s16", 0 0, L_0083ad28;  1 drivers
v0082ddf0_0 .net *"_s18", 0 0, L_0083b310;  1 drivers
v0082d768_0 .net *"_s2", 0 0, L_0083b088;  1 drivers
v0082df50_0 .net *"_s20", 0 0, L_0083b238;  1 drivers
v0082d8c8_0 .net *"_s22", 0 0, L_0083b280;  1 drivers
v0082d7c0_0 .net *"_s24", 0 0, L_0083ae48;  1 drivers
v0082dd40_0 .net *"_s26", 0 0, L_0083b2c8;  1 drivers
v0082da80_0 .net *"_s28", 0 0, L_0083b3a0;  1 drivers
v0082d870_0 .net *"_s30", 0 0, L_0083adb8;  1 drivers
v0082d920_0 .net *"_s32", 0 0, L_0083ad70;  1 drivers
v0082dd98_0 .net *"_s34", 0 0, L_0083ae90;  1 drivers
v0082de48_0 .net *"_s36", 0 0, L_0083aed8;  1 drivers
v0082dea0_0 .net *"_s38", 0 0, L_0083ab78;  1 drivers
v0082dc90_0 .net *"_s4", 0 0, L_0083b0d0;  1 drivers
v0082dad8_0 .net *"_s40", 0 0, L_0083a620;  1 drivers
v0082d978_0 .net *"_s42", 0 0, L_0083a6b0;  1 drivers
v0082e108_0 .net *"_s44", 0 0, L_0083ab30;  1 drivers
v0082d9d0_0 .net *"_s46", 0 0, L_0083a740;  1 drivers
v0082da28_0 .net *"_s50", 0 0, L_0083a788;  1 drivers
v0082dfa8_0 .net *"_s52", 0 0, L_0083a8a8;  1 drivers
v0082def8_0 .net *"_s54", 0 0, L_0083a860;  1 drivers
v0082e000_0 .net *"_s56", 0 0, L_0083a590;  1 drivers
v0082db30_0 .net *"_s6", 0 0, L_0083af68;  1 drivers
v0082e058_0 .net *"_s8", 0 0, L_0083b118;  1 drivers
v0082e160_0 .net "a0", 0 0, v0082e5d8_0;  alias, 1 drivers
v0082db88_0 .net "a1", 0 0, v0082e318_0;  alias, 1 drivers
v0082dbe0_0 .net "b0", 0 0, L_007f8ab0;  alias, 1 drivers
v0082e478_0 .net "b1", 0 0, L_0083b828;  1 drivers
v0082e268_0 .net "c0", 0 0, L_0083ace0;  alias, 1 drivers
v0082e580_0 .net "c1", 0 0, L_0083abc0;  alias, 1 drivers
S_007dbe90 .scope module, "c0" "ff" 7 65, 5 1 0, S_00913160;
 .timescale 0 0;
    .port_info 0 /INPUT 1 "clk"
    .port_info 1 /INPUT 1 "clk_en"
    .port_info 2 /INPUT 1 "rst_n"
    .port_info 3 /INPUT 1 "d3"
    .port_info 4 /OUTPUT 1 "q"
    .port_info 5 /OUTPUT 1 "q_"
v0082e630_0 .net "clk", 0 0, v008386c8_0;  alias, 1 drivers
v0082e3c8_0 .net "clk_en", 0 0, L_007f8b40;  alias, 1 drivers
v0082e688_0 .net "d3", 0 0, L_0083af20;  alias, 1 drivers
v0082e5d8_0 .var "q", 0 0;
v0082e210_0 .var "q_", 0 0;
v0082e420_0 .net "rst_n", 0 0, v00836a40_0;  alias, 1 drivers
S_007dbf60 .scope module, "c1" "ff" 7 58, 5 1 0, S_00913160;
 .timescale 0 0;
    .port_info 0 /INPUT 1 "clk"
    .port_info 1 /INPUT 1 "clk_en"
    .port_info 2 /INPUT 1 "rst_n"
    .port_info 3 /INPUT 1 "d3"
    .port_info 4 /OUTPUT 1 "q"
    .port_info 5 /OUTPUT 1 "q_"
v0082e4d0_0 .net "clk", 0 0, v008386c8_0;  alias, 1 drivers
v0082e2c0_0 .net "clk_en", 0 0, L_007f8b40;  alias, 1 drivers
v0082e528_0 .net "d3", 0 0, L_007f8d80;  alias, 1 drivers
v0082e318_0 .var "q", 0 0;
v0082e370_0 .var "q_", 0 0;
v0082f270_0 .net "rst_n", 0 0, v00836a40_0;  alias, 1 drivers
S_007db4b8 .scope module, "encode" "dualMux" 7 20, 9 1 0, S_00913160;
 .timescale 0 0;
    .port_info 0 /INPUT 1 "a1"
    .port_info 1 /INPUT 1 "a0"
    .port_info 2 /INPUT 1 "x3"
    .port_info 3 /INPUT 1 "x2"
    .port_info 4 /INPUT 1 "x1"
    .port_info 5 /INPUT 1 "x0"
    .port_info 6 /INPUT 1 "y3"
    .port_info 7 /INPUT 1 "y2"
    .port_info 8 /INPUT 1 "y1"
    .port_info 9 /INPUT 1 "y0"
    .port_info 10 /OUTPUT 1 "i1"
    .port_info 11 /OUTPUT 1 "i0"
v0082e878_0 .net "a0", 0 0, L_007f8e10;  alias, 1 drivers
v0082e980_0 .net "a1", 0 0, L_007f8ca8;  alias, 1 drivers
v0082e770_0 .net "i0", 0 0, L_0083af20;  alias, 1 drivers
v0082e9d8_0 .net "i1", 0 0, L_007f8d80;  alias, 1 drivers
v0082eae0_0 .net "x0", 0 0, v0082e318_0;  alias, 1 drivers
v0082eb38_0 .net "x1", 0 0, L_00864768;  alias, 1 drivers
v0082ea30_0 .net "x2", 0 0, L_00863be0;  alias, 1 drivers
v0082ef00_0 .net "x3", 0 0, o007fcd6c;  alias, 0 drivers
v0082ef58_0 .net "y0", 0 0, v0082e5d8_0;  alias, 1 drivers
v0082eda0_0 .net "y1", 0 0, L_00864570;  alias, 1 drivers
v0082ecf0_0 .net "y2", 0 0, L_00863d90;  alias, 1 drivers
v0082f110_0 .net "y3", 0 0, o007fcd54;  alias, 0 drivers
S_007df590 .scope module, "LSB" "mux41" 9 28, 10 1 0, S_007db4b8;
 .timescale 0 0;
    .port_info 0 /INPUT 1 "a1"
    .port_info 1 /INPUT 1 "a0"
    .port_info 2 /INPUT 1 "d3"
    .port_info 3 /INPUT 1 "d2"
    .port_info 4 /INPUT 1 "d1"
    .port_info 5 /INPUT 1 "d0"
    .port_info 6 /OUTPUT 1 "q"
L_007de758 .functor NOT 1, L_007f8e10, C4<0>, C4<0>, C4<0>;
L_007de5f0 .functor NOT 1, L_007f8ca8, C4<0>, C4<0>, C4<0>;
L_0083b358 .functor AND 1, L_007de758, L_007de5f0, v0082e5d8_0, C4<1>;
L_0083afb0 .functor AND 1, L_007f8e10, L_007de5f0, L_00864570, C4<1>;
L_0083aff8 .functor AND 1, L_007de758, L_007f8ca8, L_00863d90, C4<1>;
L_0083ae00 .functor AND 1, L_007f8e10, L_007f8ca8, o007fcd54, C4<1>;
L_0083af20 .functor OR 1, L_0083b358, L_0083afb0, L_0083aff8, L_0083ae00;
v0082f5e0_0 .net "a0", 0 0, L_007f8e10;  alias, 1 drivers
v0082f378_0 .net "a0_", 0 0, L_007de758;  1 drivers
v0082f3d0_0 .net "a1", 0 0, L_007f8ca8;  alias, 1 drivers
v0082f480_0 .net "a1_", 0 0, L_007de5f0;  1 drivers
v0082f2c8_0 .net "and0", 0 0, L_0083b358;  1 drivers
v0082f638_0 .net "and1", 0 0, L_0083afb0;  1 drivers
v0082f320_0 .net "and2", 0 0, L_0083aff8;  1 drivers
v0082f428_0 .net "and3", 0 0, L_0083ae00;  1 drivers
v0082f530_0 .net "d0", 0 0, v0082e5d8_0;  alias, 1 drivers
v0082f4d8_0 .net "d1", 0 0, L_00864570;  alias, 1 drivers
v0082f588_0 .net "d2", 0 0, L_00863d90;  alias, 1 drivers
v0082f690_0 .net "d3", 0 0, o007fcd54;  alias, 0 drivers
v0082f218_0 .net "q", 0 0, L_0083af20;  alias, 1 drivers
S_007df660 .scope module, "MSB" "mux41" 9 17, 10 1 0, S_007db4b8;
 .timescale 0 0;
    .port_info 0 /INPUT 1 "a1"
    .port_info 1 /INPUT 1 "a0"
    .port_info 2 /INPUT 1 "d3"
    .port_info 3 /INPUT 1 "d2"
    .port_info 4 /INPUT 1 "d1"
    .port_info 5 /INPUT 1 "d0"
    .port_info 6 /OUTPUT 1 "q"
L_007f8cf0 .functor NOT 1, L_007f8e10, C4<0>, C4<0>, C4<0>;
L_007f8828 .functor NOT 1, L_007f8ca8, C4<0>, C4<0>, C4<0>;
L_007f8870 .functor AND 1, L_007f8cf0, L_007f8828, v0082e318_0, C4<1>;
L_007f8bd0 .functor AND 1, L_007f8e10, L_007f8828, L_00864768, C4<1>;
L_007f8d38 .functor AND 1, L_007f8cf0, L_007f8ca8, L_00863be0, C4<1>;
L_007f8c18 .functor AND 1, L_007f8e10, L_007f8ca8, o007fcd6c, C4<1>;
L_007f8d80 .functor OR 1, L_007f8870, L_007f8bd0, L_007f8d38, L_007f8c18;
v0082edf8_0 .net "a0", 0 0, L_007f8e10;  alias, 1 drivers
v0082f168_0 .net "a0_", 0 0, L_007f8cf0;  1 drivers
v0082e820_0 .net "a1", 0 0, L_007f8ca8;  alias, 1 drivers
v0082eb90_0 .net "a1_", 0 0, L_007f8828;  1 drivers
v0082e8d0_0 .net "and0", 0 0, L_007f8870;  1 drivers
v0082f060_0 .net "and1", 0 0, L_007f8bd0;  1 drivers
v0082ec40_0 .net "and2", 0 0, L_007f8d38;  1 drivers
v0082f0b8_0 .net "and3", 0 0, L_007f8c18;  1 drivers
v0082eea8_0 .net "d0", 0 0, v0082e318_0;  alias, 1 drivers
v0082ec98_0 .net "d1", 0 0, L_00864768;  alias, 1 drivers
v0082e718_0 .net "d2", 0 0, L_00863be0;  alias, 1 drivers
v0082e7c8_0 .net "d3", 0 0, o007fcd6c;  alias, 0 drivers
v0082e928_0 .net "q", 0 0, L_007f8d80;  alias, 1 drivers
S_0091ecd0 .scope module, "plusOne" "adder" 7 42, 8 1 0, S_00913160;
 .timescale 0 0;
    .port_info 0 /INPUT 1 "a1"
    .port_info 1 /INPUT 1 "a0"
    .port_info 2 /INPUT 1 "b1"
    .port_info 3 /INPUT 1 "b0"
    .port_info 4 /OUTPUT 1 "c1"
    .port_info 5 /OUTPUT 1 "c0"
L_0083aa58 .functor NOT 1, v0082e318_0, C4<0>, C4<0>, C4<0>;
L_0083aaa0 .functor NOT 1, v0082e5d8_0, C4<0>, C4<0>, C4<0>;
L_0083a6f8 .functor AND 1, L_0083aa58, L_0083aaa0, C4<1>, C4<1>;
L_0083b850 .functor BUFT 1, C4<0>, C4<0>, C4<0>, C4<0>;
L_0083a5d8 .functor AND 1, L_0083a6f8, L_0083b850, C4<1>, C4<1>;
L_0083ac50 .functor NOT 1, v0082e318_0, C4<0>, C4<0>, C4<0>;
L_0083ac98 .functor AND 1, L_0083ac50, L_0083b850, C4<1>, C4<1>;
L_0083b878 .functor BUFT 1, C4<1>, C4<0>, C4<0>, C4<0>;
L_0083a428 .functor NOT 1, L_0083b878, C4<0>, C4<0>, C4<0>;
L_0083aa10 .functor AND 1, L_0083ac98, L_0083a428, C4<1>, C4<1>;
L_0083ac08 .functor OR 1, L_0083a5d8, L_0083aa10, C4<0>, C4<0>;
L_0083aae8 .functor NOT 1, v0082e5d8_0, C4<0>, C4<0>, C4<0>;
L_0083a470 .functor AND 1, v0082e318_0, L_0083aae8, C4<1>, C4<1>;
L_0083a938 .functor NOT 1, L_0083b850, C4<0>, C4<0>, C4<0>;
L_0083a548 .functor AND 1, L_0083a470, L_0083a938, C4<1>, C4<1>;
L_0083a8f0 .functor OR 1, L_0083ac08, L_0083a548, C4<0>, C4<0>;
L_0083a4b8 .functor NOT 1, L_0083b850, C4<0>, C4<0>, C4<0>;
L_0083a668 .functor AND 1, v0082e318_0, L_0083a4b8, C4<1>, C4<1>;
L_0083a7d0 .functor NOT 1, L_0083b878, C4<0>, C4<0>, C4<0>;
L_0083a818 .functor AND 1, L_0083a668, L_0083a7d0, C4<1>, C4<1>;
L_0083a500 .functor OR 1, L_0083a8f0, L_0083a818, C4<0>, C4<0>;
L_0083a980 .functor NOT 1, v0082e318_0, C4<0>, C4<0>, C4<0>;
L_0083a9c8 .functor AND 1, L_0083a980, v0082e5d8_0, C4<1>, C4<1>;
L_00863fd0 .functor NOT 1, L_0083b850, C4<0>, C4<0>, C4<0>;
L_00864210 .functor AND 1, L_0083a9c8, L_00863fd0, C4<1>, C4<1>;
L_00863eb0 .functor AND 1, L_00864210, L_0083b878, C4<1>, C4<1>;
L_00863be0 .functor OR 1, L_0083a500, L_00863eb0, C4<0>, C4<0>;
L_00863e20 .functor NOT 1, v0082e5d8_0, C4<0>, C4<0>, C4<0>;
L_00863cb8 .functor AND 1, L_00863e20, L_0083b878, C4<1>, C4<1>;
L_00863c28 .functor NOT 1, L_0083b878, C4<0>, C4<0>, C4<0>;
L_00863b98 .functor AND 1, v0082e5d8_0, L_00863c28, C4<1>, C4<1>;
L_00863d90 .functor OR 1, L_00863cb8, L_00863b98, C4<0>, C4<0>;
v0082f008_0 .net *"_s0", 0 0, L_0083aa58;  1 drivers
v0082ed48_0 .net *"_s10", 0 0, L_0083ac98;  1 drivers
v0082ea88_0 .net *"_s12", 0 0, L_0083a428;  1 drivers
v0082ee50_0 .net *"_s14", 0 0, L_0083aa10;  1 drivers
v0082ebe8_0 .net *"_s16", 0 0, L_0083ac08;  1 drivers
v0082efb0_0 .net *"_s18", 0 0, L_0083aae8;  1 drivers
v0082f1c0_0 .net *"_s2", 0 0, L_0083aaa0;  1 drivers
v00830328_0 .net *"_s20", 0 0, L_0083a470;  1 drivers
v008302d0_0 .net *"_s22", 0 0, L_0083a938;  1 drivers
v00830380_0 .net *"_s24", 0 0, L_0083a548;  1 drivers
v00830698_0 .net *"_s26", 0 0, L_0083a8f0;  1 drivers
v00830220_0 .net *"_s28", 0 0, L_0083a4b8;  1 drivers
v00830278_0 .net *"_s30", 0 0, L_0083a668;  1 drivers
v008303d8_0 .net *"_s32", 0 0, L_0083a7d0;  1 drivers
v00830430_0 .net *"_s34", 0 0, L_0083a818;  1 drivers
v00830538_0 .net *"_s36", 0 0, L_0083a500;  1 drivers
v00830488_0 .net *"_s38", 0 0, L_0083a980;  1 drivers
v008304e0_0 .net *"_s4", 0 0, L_0083a6f8;  1 drivers
v008305e8_0 .net *"_s40", 0 0, L_0083a9c8;  1 drivers
v00830590_0 .net *"_s42", 0 0, L_00863fd0;  1 drivers
v00830640_0 .net *"_s44", 0 0, L_00864210;  1 drivers
v00830170_0 .net *"_s46", 0 0, L_00863eb0;  1 drivers
v008301c8_0 .net *"_s50", 0 0, L_00863e20;  1 drivers
v00830118_0 .net *"_s52", 0 0, L_00863cb8;  1 drivers
v0082fe00_0 .net *"_s54", 0 0, L_00863c28;  1 drivers
v0082f7d0_0 .net *"_s56", 0 0, L_00863b98;  1 drivers
v0082fb98_0 .net *"_s6", 0 0, L_0083a5d8;  1 drivers
v008300c0_0 .net *"_s8", 0 0, L_0083ac50;  1 drivers
v0082f828_0 .net "a0", 0 0, v0082e5d8_0;  alias, 1 drivers
v0082f778_0 .net "a1", 0 0, v0082e318_0;  alias, 1 drivers
v0082fe58_0 .net "b0", 0 0, L_0083b878;  1 drivers
v0082f880_0 .net "b1", 0 0, L_0083b850;  1 drivers
v00830010_0 .net "c0", 0 0, L_00863d90;  alias, 1 drivers
v0082fc48_0 .net "c1", 0 0, L_00863be0;  alias, 1 drivers
S_007ddb40 .scope module, "plusTwo" "adder" 7 50, 8 1 0, S_00913160;
 .timescale 0 0;
    .port_info 0 /INPUT 1 "a1"
    .port_info 1 /INPUT 1 "a0"
    .port_info 2 /INPUT 1 "b1"
    .port_info 3 /INPUT 1 "b0"
    .port_info 4 /OUTPUT 1 "c1"
    .port_info 5 /OUTPUT 1 "c0"
L_00864138 .functor NOT 1, v0082e318_0, C4<0>, C4<0>, C4<0>;
L_00864018 .functor NOT 1, v0082e5d8_0, C4<0>, C4<0>, C4<0>;
L_00863d00 .functor AND 1, L_00864138, L_00864018, C4<1>, C4<1>;
L_0083b8a0 .functor BUFT 1, C4<1>, C4<0>, C4<0>, C4<0>;
L_00864060 .functor AND 1, L_00863d00, L_0083b8a0, C4<1>, C4<1>;
L_00864180 .functor NOT 1, v0082e318_0, C4<0>, C4<0>, C4<0>;
L_008640a8 .functor AND 1, L_00864180, L_0083b8a0, C4<1>, C4<1>;
L_0083b8c8 .functor BUFT 1, C4<0>, C4<0>, C4<0>, C4<0>;
L_00863c70 .functor NOT 1, L_0083b8c8, C4<0>, C4<0>, C4<0>;
L_00863f40 .functor AND 1, L_008640a8, L_00863c70, C4<1>, C4<1>;
L_008639e8 .functor OR 1, L_00864060, L_00863f40, C4<0>, C4<0>;
L_00863d48 .functor NOT 1, v0082e5d8_0, C4<0>, C4<0>, C4<0>;
L_008640f0 .functor AND 1, v0082e318_0, L_00863d48, C4<1>, C4<1>;
L_00863dd8 .functor NOT 1, L_0083b8a0, C4<0>, C4<0>, C4<0>;
L_008642a0 .functor AND 1, L_008640f0, L_00863dd8, C4<1>, C4<1>;
L_00864258 .functor OR 1, L_008639e8, L_008642a0, C4<0>, C4<0>;
L_00863e68 .functor NOT 1, L_0083b8a0, C4<0>, C4<0>, C4<0>;
L_00863a30 .functor AND 1, v0082e318_0, L_00863e68, C4<1>, C4<1>;
L_00863f88 .functor NOT 1, L_0083b8c8, C4<0>, C4<0>, C4<0>;
L_00863a78 .functor AND 1, L_00863a30, L_00863f88, C4<1>, C4<1>;
L_00863ef8 .functor OR 1, L_00864258, L_00863a78, C4<0>, C4<0>;
L_008641c8 .functor NOT 1, v0082e318_0, C4<0>, C4<0>, C4<0>;
L_00863ac0 .functor AND 1, L_008641c8, v0082e5d8_0, C4<1>, C4<1>;
L_00863b08 .functor NOT 1, L_0083b8a0, C4<0>, C4<0>, C4<0>;
L_00863b50 .functor AND 1, L_00863ac0, L_00863b08, C4<1>, C4<1>;
L_00864498 .functor AND 1, L_00863b50, L_0083b8c8, C4<1>, C4<1>;
L_00864768 .functor OR 1, L_00863ef8, L_00864498, C4<0>, C4<0>;
L_00864840 .functor NOT 1, v0082e5d8_0, C4<0>, C4<0>, C4<0>;
L_00864408 .functor AND 1, L_00864840, L_0083b8c8, C4<1>, C4<1>;
L_00864450 .functor NOT 1, L_0083b8c8, C4<0>, C4<0>, C4<0>;
L_008643c0 .functor AND 1, v0082e5d8_0, L_00864450, C4<1>, C4<1>;
L_00864570 .functor OR 1, L_00864408, L_008643c0, C4<0>, C4<0>;
v0082fcf8_0 .net *"_s0", 0 0, L_00864138;  1 drivers
v0082ff08_0 .net *"_s10", 0 0, L_008640a8;  1 drivers
v0082f720_0 .net *"_s12", 0 0, L_00863c70;  1 drivers
v0082fca0_0 .net *"_s14", 0 0, L_00863f40;  1 drivers
v0082fda8_0 .net *"_s16", 0 0, L_008639e8;  1 drivers
v00830068_0 .net *"_s18", 0 0, L_00863d48;  1 drivers
v0082fa90_0 .net *"_s2", 0 0, L_00864018;  1 drivers
v0082fae8_0 .net *"_s20", 0 0, L_008640f0;  1 drivers
v0082fd50_0 .net *"_s22", 0 0, L_00863dd8;  1 drivers
v0082f8d8_0 .net *"_s24", 0 0, L_008642a0;  1 drivers
v0082f9e0_0 .net *"_s26", 0 0, L_00864258;  1 drivers
v0082fbf0_0 .net *"_s28", 0 0, L_00863e68;  1 drivers
v0082f930_0 .net *"_s30", 0 0, L_00863a30;  1 drivers
v0082f988_0 .net *"_s32", 0 0, L_00863f88;  1 drivers
v0082fa38_0 .net *"_s34", 0 0, L_00863a78;  1 drivers
v0082ff60_0 .net *"_s36", 0 0, L_00863ef8;  1 drivers
v0082fb40_0 .net *"_s38", 0 0, L_008641c8;  1 drivers
v0082feb0_0 .net *"_s4", 0 0, L_00863d00;  1 drivers
v0082ffb8_0 .net *"_s40", 0 0, L_00863ac0;  1 drivers
v00831070_0 .net *"_s42", 0 0, L_00863b08;  1 drivers
v00830888_0 .net *"_s44", 0 0, L_00863b50;  1 drivers
v00830b48_0 .net *"_s46", 0 0, L_00864498;  1 drivers
v008308e0_0 .net *"_s50", 0 0, L_00864840;  1 drivers
v008310c8_0 .net *"_s52", 0 0, L_00864408;  1 drivers
v00830a40_0 .net *"_s54", 0 0, L_00864450;  1 drivers
v00830eb8_0 .net *"_s56", 0 0, L_008643c0;  1 drivers
v00830ca8_0 .net *"_s6", 0 0, L_00864060;  1 drivers
v00830e60_0 .net *"_s8", 0 0, L_00864180;  1 drivers
v00830938_0 .net "a0", 0 0, v0082e5d8_0;  alias, 1 drivers
v00830830_0 .net "a1", 0 0, v0082e318_0;  alias, 1 drivers
v00830728_0 .net "b0", 0 0, L_0083b8c8;  1 drivers
v00830d58_0 .net "b1", 0 0, L_0083b8a0;  1 drivers
v00830990_0 .net "c0", 0 0, L_00864570;  alias, 1 drivers
v008309e8_0 .net "c1", 0 0, L_00864768;  alias, 1 drivers
S_00831700 .scope module, "rCounter" "registerCounter" 3 41, 11 1 0, S_007d59d0;
 .timescale 0 0;
    .port_info 0 /INPUT 1 "clk"
    .port_info 1 /INPUT 1 "clk_en"
    .port_info 2 /INPUT 1 "rst_n"
    .port_info 3 /OUTPUT 1 "q2"
    .port_info 4 /OUTPUT 1 "q1"
    .port_info 5 /OUTPUT 1 "q0"
L_007f8360 .functor NOT 1, v00837d28_0, C4<0>, C4<0>, C4<0>;
L_007f83a8 .functor AND 1, v008377a8_0, L_007f8360, C4<1>, C4<1>;
L_007f8558 .functor NOT 1, v00831598_0, C4<0>, C4<0>, C4<0>;
L_007f85a0 .functor AND 1, v008377a8_0, L_007f8558, C4<1>, C4<1>;
L_007f8af8 .functor OR 1, L_007f83a8, L_007f85a0, C4<0>, C4<0>;
L_007f8a20 .functor NOT 1, v008377a8_0, C4<0>, C4<0>, C4<0>;
L_007f8a68 .functor AND 1, L_007f8a20, v00837d28_0, C4<1>, C4<1>;
L_007f8990 .functor AND 1, L_007f8a68, v00831598_0, C4<1>, C4<1>;
L_007f8e58 .functor OR 1, L_007f8af8, L_007f8990, C4<0>, C4<0>;
L_007f8b88 .functor NOT 1, v00837d28_0, C4<0>, C4<0>, C4<0>;
L_007f8900 .functor AND 1, L_007f8b88, v00831598_0, C4<1>, C4<1>;
L_007f87e0 .functor NOT 1, v00831598_0, C4<0>, C4<0>, C4<0>;
L_007f89d8 .functor AND 1, v00837d28_0, L_007f87e0, C4<1>, C4<1>;
L_007f8c60 .functor OR 1, L_007f8900, L_007f89d8, C4<0>, C4<0>;
L_007f8dc8 .functor NOT 1, v00831598_0, C4<0>, C4<0>, C4<0>;
v00837b18_0 .net *"_s0", 0 0, L_007f8360;  1 drivers
v00837cd0_0 .net *"_s10", 0 0, L_007f8a20;  1 drivers
v00837648_0 .net *"_s12", 0 0, L_007f8a68;  1 drivers
v00837d80_0 .net *"_s14", 0 0, L_007f8990;  1 drivers
v00837e88_0 .net *"_s18", 0 0, L_007f8b88;  1 drivers
v008376a0_0 .net *"_s2", 0 0, L_007f83a8;  1 drivers
v00837bc8_0 .net *"_s20", 0 0, L_007f8900;  1 drivers
v00837c78_0 .net *"_s22", 0 0, L_007f87e0;  1 drivers
v008373e0_0 .net *"_s24", 0 0, L_007f89d8;  1 drivers
v00837438_0 .net *"_s4", 0 0, L_007f8558;  1 drivers
v008378b0_0 .net *"_s6", 0 0, L_007f85a0;  1 drivers
v00837800_0 .net *"_s8", 0 0, L_007f8af8;  1 drivers
v00837960_0 .net "clk", 0 0, v008386c8_0;  alias, 1 drivers
v00837908_0 .net "clk_en", 0 0, L_007f8240;  alias, 1 drivers
v008379b8_0 .net "d0", 0 0, L_007f8dc8;  1 drivers
v00837a10_0 .net "d1", 0 0, L_007f8c60;  1 drivers
v008376f8_0 .net "d2", 0 0, L_007f8e58;  1 drivers
v00837c20_0 .net "q0", 0 0, v00831598_0;  alias, 1 drivers
v008374e8_0 .net "q1", 0 0, v00837d28_0;  alias, 1 drivers
v00837ac0_0 .net "q2", 0 0, v008377a8_0;  alias, 1 drivers
v00837b70_0 .net "rst_n", 0 0, v00836a40_0;  alias, 1 drivers
S_008317d0 .scope module, "ff0" "ff" 11 16, 5 1 0, S_00831700;
 .timescale 0 0;
    .port_info 0 /INPUT 1 "clk"
    .port_info 1 /INPUT 1 "clk_en"
    .port_info 2 /INPUT 1 "rst_n"
    .port_info 3 /INPUT 1 "d3"
    .port_info 4 /OUTPUT 1 "q"
    .port_info 5 /OUTPUT 1 "q_"
v00831438_0 .net "clk", 0 0, v008386c8_0;  alias, 1 drivers
v00831648_0 .net "clk_en", 0 0, L_007f8240;  alias, 1 drivers
v00831490_0 .net "d3", 0 0, L_007f8dc8;  alias, 1 drivers
v00831598_0 .var "q", 0 0;
v00831540_0 .var "q_", 0 0;
v008315f0_0 .net "rst_n", 0 0, v00836a40_0;  alias, 1 drivers
S_008365d0 .scope module, "ff1" "ff" 11 25, 5 1 0, S_00831700;
 .timescale 0 0;
    .port_info 0 /INPUT 1 "clk"
    .port_info 1 /INPUT 1 "clk_en"
    .port_info 2 /INPUT 1 "rst_n"
    .port_info 3 /INPUT 1 "d3"
    .port_info 4 /OUTPUT 1 "q"
    .port_info 5 /OUTPUT 1 "q_"
v008316a0_0 .net "clk", 0 0, v008386c8_0;  alias, 1 drivers
v00831280_0 .net "clk_en", 0 0, L_007f8240;  alias, 1 drivers
v00831330_0 .net "d3", 0 0, L_007f8c60;  alias, 1 drivers
v00837d28_0 .var "q", 0 0;
v008375f0_0 .var "q_", 0 0;
v00837750_0 .net "rst_n", 0 0, v00836a40_0;  alias, 1 drivers
S_008359a0 .scope module, "ff2" "ff" 11 34, 5 1 0, S_00831700;
 .timescale 0 0;
    .port_info 0 /INPUT 1 "clk"
    .port_info 1 /INPUT 1 "clk_en"
    .port_info 2 /INPUT 1 "rst_n"
    .port_info 3 /INPUT 1 "d3"
    .port_info 4 /OUTPUT 1 "q"
    .port_info 5 /OUTPUT 1 "q_"
v00837e30_0 .net "clk", 0 0, v008386c8_0;  alias, 1 drivers
v00837dd8_0 .net "clk_en", 0 0, L_007f8240;  alias, 1 drivers
v00837a68_0 .net "d3", 0 0, L_007f8e58;  alias, 1 drivers
v008377a8_0 .var "q", 0 0;
v00837490_0 .var "q_", 0 0;
v00837858_0 .net "rst_n", 0 0, v00836a40_0;  alias, 1 drivers
S_008366a0 .scope module, "r_memory" "memory" 3 60, 12 1 0, S_007d59d0;
 .timescale 0 0;
    .port_info 0 /INPUT 2 "address"
    .port_info 1 /OUTPUT 2 "data"
L_008647b0 .functor BUFZ 2, L_00837228, C4<00>, C4<00>, C4<00>;
v00837540_0 .net *"_s0", 1 0, L_00837228;  1 drivers
v00837598_0 .net *"_s2", 3 0, L_008372d8;  1 drivers
L_0083b8f0 .functor BUFT 1, C4<00>, C4<0>, C4<0>, C4<0>;
v00838510_0 .net *"_s5", 1 0, L_0083b8f0;  1 drivers
v008380f0_0 .net "address", 1 0, L_00836c50;  alias, 1 drivers
v00838098_0 .net8 "data", 1 0, RS_007fe53c;  alias, 2 drivers
v008387d0 .array "s_memory", 3 0, 1 0;
L_00837228 .array/port v008387d0, L_008372d8;
L_008372d8 .concat [ 2 2 0 0], L_00836c50, L_0083b8f0;
    .scope S_007d7f18;
T_0 ;
    %wait E_007f76d8;
    %load/vec4 v007f6fc0_0;
    %load/vec4 v007f6728_0;
    %inv;
    %and;
    %flag_set/vec4 8;
    %jmp/0xz  T_0.0, 8;
    %load/vec4 v007f69e8_0;
    %assign/vec4 v007f67d8_0, 0;
    %load/vec4 v007f69e8_0;
    %inv;
    %assign/vec4 v007f7120_0, 0;
    %jmp T_0.1;
T_0.0 ;
    %load/vec4 v007f6728_0;
    %flag_set/vec4 8;
    %jmp/0xz  T_0.2, 8;
    %pushi/vec4 0, 0, 1;
    %assign/vec4 v007f67d8_0, 0;
    %pushi/vec4 0, 0, 1;
    %assign/vec4 v007f7120_0, 0;
T_0.2 ;
T_0.1 ;
    %jmp T_0;
    .thread T_0;
    .scope S_0091d3c0;
T_1 ;
    %wait E_007f76d8;
    %load/vec4 v007f6a98_0;
    %load/vec4 v007f68e0_0;
    %inv;
    %and;
    %flag_set/vec4 8;
    %jmp/0xz  T_1.0, 8;
    %load/vec4 v007f6780_0;
    %assign/vec4 v007f6830_0, 0;
    %load/vec4 v007f6780_0;
    %inv;
    %assign/vec4 v007f70c8_0, 0;
    %jmp T_1.1;
T_1.0 ;
    %load/vec4 v007f68e0_0;
    %flag_set/vec4 8;
    %jmp/0xz  T_1.2, 8;
    %pushi/vec4 0, 0, 1;
    %assign/vec4 v007f6830_0, 0;
    %pushi/vec4 0, 0, 1;
    %assign/vec4 v007f70c8_0, 0;
T_1.2 ;
T_1.1 ;
    %jmp T_1;
    .thread T_1;
    .scope S_008317d0;
T_2 ;
    %wait E_007f76d8;
    %load/vec4 v00831648_0;
    %load/vec4 v008315f0_0;
    %inv;
    %and;
    %flag_set/vec4 8;
    %jmp/0xz  T_2.0, 8;
    %load/vec4 v00831490_0;
    %assign/vec4 v00831598_0, 0;
    %load/vec4 v00831490_0;
    %inv;
    %assign/vec4 v00831540_0, 0;
    %jmp T_2.1;
T_2.0 ;
    %load/vec4 v008315f0_0;
    %flag_set/vec4 8;
    %jmp/0xz  T_2.2, 8;
    %pushi/vec4 0, 0, 1;
    %assign/vec4 v00831598_0, 0;
    %pushi/vec4 0, 0, 1;
    %assign/vec4 v00831540_0, 0;
T_2.2 ;
T_2.1 ;
    %jmp T_2;
    .thread T_2;
    .scope S_008365d0;
T_3 ;
    %wait E_007f76d8;
    %load/vec4 v00831280_0;
    %load/vec4 v00837750_0;
    %inv;
    %and;
    %flag_set/vec4 8;
    %jmp/0xz  T_3.0, 8;
    %load/vec4 v00831330_0;
    %assign/vec4 v00837d28_0, 0;
    %load/vec4 v00831330_0;
    %inv;
    %assign/vec4 v008375f0_0, 0;
    %jmp T_3.1;
T_3.0 ;
    %load/vec4 v00837750_0;
    %flag_set/vec4 8;
    %jmp/0xz  T_3.2, 8;
    %pushi/vec4 0, 0, 1;
    %assign/vec4 v00837d28_0, 0;
    %pushi/vec4 0, 0, 1;
    %assign/vec4 v008375f0_0, 0;
T_3.2 ;
T_3.1 ;
    %jmp T_3;
    .thread T_3;
    .scope S_008359a0;
T_4 ;
    %wait E_007f76d8;
    %load/vec4 v00837dd8_0;
    %load/vec4 v00837858_0;
    %inv;
    %and;
    %flag_set/vec4 8;
    %jmp/0xz  T_4.0, 8;
    %load/vec4 v00837a68_0;
    %assign/vec4 v008377a8_0, 0;
    %load/vec4 v00837a68_0;
    %inv;
    %assign/vec4 v00837490_0, 0;
    %jmp T_4.1;
T_4.0 ;
    %load/vec4 v00837858_0;
    %flag_set/vec4 8;
    %jmp/0xz  T_4.2, 8;
    %pushi/vec4 0, 0, 1;
    %assign/vec4 v008377a8_0, 0;
    %pushi/vec4 0, 0, 1;
    %assign/vec4 v00837490_0, 0;
T_4.2 ;
T_4.1 ;
    %jmp T_4;
    .thread T_4;
    .scope S_007dbf60;
T_5 ;
    %wait E_007f76d8;
    %load/vec4 v0082e2c0_0;
    %load/vec4 v0082f270_0;
    %inv;
    %and;
    %flag_set/vec4 8;
    %jmp/0xz  T_5.0, 8;
    %load/vec4 v0082e528_0;
    %assign/vec4 v0082e318_0, 0;
    %load/vec4 v0082e528_0;
    %inv;
    %assign/vec4 v0082e370_0, 0;
    %jmp T_5.1;
T_5.0 ;
    %load/vec4 v0082f270_0;
    %flag_set/vec4 8;
    %jmp/0xz  T_5.2, 8;
    %pushi/vec4 0, 0, 1;
    %assign/vec4 v0082e318_0, 0;
    %pushi/vec4 0, 0, 1;
    %assign/vec4 v0082e370_0, 0;
T_5.2 ;
T_5.1 ;
    %jmp T_5;
    .thread T_5;
    .scope S_007dbe90;
T_6 ;
    %wait E_007f76d8;
    %load/vec4 v0082e3c8_0;
    %load/vec4 v0082e420_0;
    %inv;
    %and;
    %flag_set/vec4 8;
    %jmp/0xz  T_6.0, 8;
    %load/vec4 v0082e688_0;
    %assign/vec4 v0082e5d8_0, 0;
    %load/vec4 v0082e688_0;
    %inv;
    %assign/vec4 v0082e210_0, 0;
    %jmp T_6.1;
T_6.0 ;
    %load/vec4 v0082e420_0;
    %flag_set/vec4 8;
    %jmp/0xz  T_6.2, 8;
    %pushi/vec4 0, 0, 1;
    %assign/vec4 v0082e5d8_0, 0;
    %pushi/vec4 0, 0, 1;
    %assign/vec4 v0082e210_0, 0;
T_6.2 ;
T_6.1 ;
    %jmp T_6;
    .thread T_6;
    .scope S_008366a0;
T_7 ;
    %vpi_call 12 12 "$readmemb", "doThis.why", v008387d0 {0 0 0};
    %end;
    .thread T_7;
    .scope S_007d5900;
T_8 ;
    %delay 1, 0;
    %load/vec4 v008386c8_0;
    %inv;
    %store/vec4 v008386c8_0, 0, 1;
    %jmp T_8;
    .thread T_8;
    .scope S_007d5900;
T_9 ;
    %pushi/vec4 0, 0, 1;
    %store/vec4 v008386c8_0, 0, 1;
    %pushi/vec4 0, 0, 1;
    %store/vec4 v00838778_0, 0, 1;
    %pushi/vec4 1, 0, 1;
    %store/vec4 v00836a40_0, 0, 1;
    %vpi_call 2 26 "$monitor", $time, " clock: %d registerCount: %b programCount: %b stateCount: %b int: %b", v008386c8_0, v00836d58_0, v00836ba0_0, v00836eb8_0, v00836ca8_0 {0 0 0};
    %delay 2, 0;
    %load/vec4 v00836a40_0;
    %inv;
    %store/vec4 v00836a40_0, 0, 1;
    %delay 3, 0;
    %load/vec4 v00838778_0;
    %inv;
    %store/vec4 v00838778_0, 0, 1;
    %delay 30, 0;
    %vpi_call 2 30 "$stop" {0 0 0};
    %end;
    .thread T_9;
# The file index is used to find the file name in the following table.
:file_names 13;
    "N/A";
    "<interactive>";
    "master.v";
    "paperProcessor.v";
    "processorCore.v";
    "ff.v";
    "demux.v";
    "programCounter.v";
    "adder.v";
    "dualMux.v";
    "mux41.v";
    "registerCounter.v";
    "memory.v";
